Apr 24 17:55:36 sdxlemur syslog.info syslogd started: BusyBox v1.31.1
Apr 24 17:55:41 sdxlemur user.info thermal-engine: Thermal daemon started
Apr 24 17:55:42 sdxlemur user.err thermal-engine: Unknown target identified with soc id 509
Apr 24 17:55:42 sdxlemur user.info thermal-engine: No target config file, falling back to '/etc/thermal-engine.conf'
Apr 24 17:55:42 sdxlemur user.info thermal-engine: devices_manager_init: Init
Apr 24 17:55:42 sdxlemur user.info thermal-engine: Unable to change directory to /sys/class/kgsl
Apr 24 17:55:42 sdxlemur user.err thermal-engine: get_num_gpus() failed, default to MAX_GPUs 4
Apr 24 17:55:42 sdxlemur user.info thermal-engine: Number of gpus :4
Apr 24 17:55:42 sdxlemur user.info thermal-engine: Number of cpus :1
Apr 24 17:55:42 sdxlemur user.info thermal-engine: update_cpu_topology: Cluster info node not found/sys/module/msm_thermal/cluster_info
Apr 24 17:55:42 sdxlemur user.err thermal-engine: read_int_list_from_file: Read error -2.
Apr 24 17:55:42 sdxlemur user.err thermal-engine: tmd_add_cpufreq_dev_data: Invalid or no boost freqs
Apr 24 17:55:42 sdxlemur user.info thermal-engine: MODEM thermal mitigation available.
Apr 24 17:55:42 sdxlemur user.info thermal-engine: Mitigation:vdd_restriction[MODEM]:0 pending QMI request succeded
Apr 24 17:55:42 sdxlemur user.debug qseecomd: DBG:qseecom listener services process entry PPID = 1
Apr 24 17:55:42 sdxlemur user.debug qseecomd: DBG:QSEECom_get_handle sb_length = 0x400
Apr 24 17:55:42 sdxlemur user.debug qseecomd: DBG:App is not loaded in QSEE
Apr 24 17:55:42 sdxlemur user.err qseecomd: ERR:Error::Cannot open the file /firmware/image//smplap32.mdt errno = 2
Apr 24 17:55:42 sdxlemur user.err qseecomd: ERR:Error::Loading image failed with ret = -1
Apr 24 17:55:42 sdxlemur user.debug qseecomd: DBG:QSEECom_dealloc_memory 
Apr 24 17:55:42 sdxlemur user.err qseecomd: ERR:Error::Cannot de-alloc memory. priv handle is NULL!!.
Apr 24 17:55:42 sdxlemur user.err qseecomd: ERR:Failed to load cmnlib
Apr 24 17:55:42 sdxlemur user.debug qseecomd: DBG:qseecom listener service threads starting!!! 
Apr 24 17:55:42 sdxlemur user.debug qseecomd: DBG:Total listener services to start = 4
Apr 24 17:55:42 sdxlemur user.err qseecomd: ERR:Listener: index = 0, hierarchy = 1
Apr 24 17:55:42 sdxlemur user.debug qseecomd: DBG:Init dlopen(librpmb.so.1, RTLD_NOW) succeeds
Apr 24 17:55:42 sdxlemur user.debug qseecomd: DBG:Init::Init dlsym(g_FSHandle rpmb_start) succeeds
Apr 24 17:55:42 sdxlemur user.info thermal-engine: tmd_init_cluster_devs: No clusters found
Apr 24 17:55:42 sdxlemur user.err thermal-engine: read_int_list_from_file: Read error -2.
Apr 24 17:55:42 sdxlemur user.err thermal-engine: Could not find thermal-devfreq-0 cooling device
Apr 24 17:55:42 sdxlemur user.err thermal-engine: tmd_init_gpu_devs: Invalid number for freqs
Apr 24 17:55:42 sdxlemur user.err thermal-engine: devices_init: Init GPU TMD failed -14
Apr 24 17:55:42 sdxlemur user.err thermal-engine: Could not find npu cooling device
Apr 24 17:55:42 sdxlemur user.err thermal-engine: tmd_init_npu_device: Invalid NPU level:-1.
Apr 24 17:55:42 sdxlemur user.err thermal-engine: devices_init: Init NPU TMD failed -12
Apr 24 17:55:42 sdxlemur user.debug qseecomd: DBG:Entering rpmb_start!
Apr 24 17:55:42 sdxlemur user.debug qseecomd: DBG:QSEECom_register_listener 8192 sb_length = 0x6400
Apr 24 17:55:42 sdxlemur user.debug qseecomd: DBG:registering rpmb service to QSEECom is done!
Apr 24 17:55:42 sdxlemur user.debug qseecomd: DBG:begin to create a thread!
Apr 24 17:55:42 sdxlemur user.debug qseecomd: DBG:Creating a pthread in rpmb_start is done! return 0
Apr 24 17:55:42 sdxlemur user.debug qseecomd: DBG:Init rpmb_start ret = 0
Apr 24 17:55:42 sdxlemur user.debug qseecomd: DBG:RPMB system services: Started (Listener ID = 8192)
Apr 24 17:55:42 sdxlemur user.err qseecomd: ERR:Listener: index = 1, hierarchy = 1
Apr 24 17:55:42 sdxlemur user.err thermal-engine: Error reading /sys/class/leds/lcd-backlight/max_brightness
Apr 24 17:55:42 sdxlemur user.err thermal-engine: open/sys/class/power_supply/battery/system_temp_level failed2
Apr 24 17:55:42 sdxlemur user.err thermal-engine: Unable to init battery charging mitigation to 0
Apr 24 17:55:42 sdxlemur user.debug qseecomd: DBG:RPMB_SERVICE Dispatch starts! 
Apr 24 17:55:42 sdxlemur user.debug qseecomd: DBG:before calling ioctl to read the next rpmb_cmd
Apr 24 17:55:42 sdxlemur user.info thermal-engine: sensors_manager_init: Init
Apr 24 17:55:42 sdxlemur user.debug qseecomd: DBG:Init dlopen(libdrmtime.so.1, RTLD_NOW) succeeds
Apr 24 17:55:42 sdxlemur user.debug qseecomd: DBG:Init::Init dlsym(g_FSHandle atime_start) succeeds
Apr 24 17:55:42 sdxlemur user.debug qseecomd: DBG:QSEE Time Listener: atime_start
Apr 24 17:55:42 sdxlemur user.debug qseecomd: DBG:QSEECom_register_listener 11 sb_length = 0x5000
Apr 24 17:55:42 sdxlemur user.debug qseecomd: DBG:registering fs service to QSEECom is done!
Apr 24 17:55:42 sdxlemur user.debug qseecomd: DBG:begin to create a thread!
Apr 24 17:55:42 sdxlemur user.debug qseecomd: DBG:Creating a pthread in atime_start is done! return 0
Apr 24 17:55:42 sdxlemur user.debug qseecomd: DBG:Init atime_start ret = 0
Apr 24 17:55:42 sdxlemur user.debug qseecomd: DBG:time services: Started (Listener ID = 11)
Apr 24 17:55:42 sdxlemur user.err qseecomd: ERR:Listener: index = 2, hierarchy = 1
Apr 24 17:55:42 sdxlemur user.debug qseecomd: DBG:QSEE Time Listener: dispatch
Apr 24 17:55:42 sdxlemur user.debug qseecomd: DBG:before calling ioctl to read the next time_cmd
Apr 24 17:55:43 sdxlemur user.debug usbd: Got uevent add@/bus/ioss
Apr 24 17:55:43 sdxlemur user.debug usbd: Got uevent add@/devices/virtual/workqueue/ipa_eth_wq
Apr 24 17:55:43 sdxlemur user.debug usbd: Got uevent bind@/devices/platform/soc:qcom,ioss
Apr 24 17:55:43 sdxlemur user.debug usbd: Got uevent add@/bus/platform/drivers/ioss
Apr 24 17:55:43 sdxlemur user.debug usbd: Got uevent add@/module/ioss
Apr 24 17:55:43 sdxlemur user.err thermal-engine: socket creation success
Apr 24 17:55:43 sdxlemur user.debug qseecomd: DBG:Init dlopen(libdrmfs.so.1, RTLD_NOW) succeeds
Apr 24 17:55:43 sdxlemur user.debug qseecomd: DBG:Init::Init dlsym(g_FSHandle fs_start) succeeds
Apr 24 17:55:43 sdxlemur user.debug qseecomd: DBG:QSEECom_register_listener 10 sb_length = 0x5000
Apr 24 17:55:43 sdxlemur user.debug qseecomd: DBG:registering fs service to QSEECom is done!
Apr 24 17:55:43 sdxlemur user.debug qseecomd: DBG:begin to create a thread!
Apr 24 17:55:43 sdxlemur user.debug qseecomd: DBG:Creating a pthread in fs_start is done! return 0
Apr 24 17:55:43 sdxlemur user.debug qseecomd: DBG:Init fs_start ret = 0
Apr 24 17:55:43 sdxlemur user.debug qseecomd: DBG:file system services: Started (Listener ID = 10)
Apr 24 17:55:43 sdxlemur user.err qseecomd: ERR:Listener: index = 3, hierarchy = 1
Apr 24 17:55:43 sdxlemur user.debug qseecomd: DBG:Init dlopen(libdrmfs.so.1, RTLD_NOW) succeeds
Apr 24 17:55:43 sdxlemur user.debug qseecomd: DBG:Init::Init dlsym(g_FSHandle gpfs_start) succeeds
Apr 24 17:55:43 sdxlemur user.debug qseecomd: DBG:Getting paths from config file
Apr 24 17:55:43 sdxlemur user.debug qseecomd: DBG:Data legacy path does not exist, append vendor path
Apr 24 17:55:43 sdxlemur user.debug qseecomd: DBG:Persist legacy path exists, no need to append vendor path
Apr 24 17:55:43 sdxlemur user.debug qseecomd: DBG:Dispatch starts! 
Apr 24 17:55:43 sdxlemur user.debug qseecomd: DBG:before calling ioctl to read the next cmd
Apr 24 17:55:43 sdxlemur user.err thermal-engine: thermal_monitor_init_data: ERROR Uknown device
Apr 24 17:55:43 sdxlemur user.debug qseecomd: DBG:Number of whitelist_paths is 4
Apr 24 17:55:43 sdxlemur user.info thermal-engine: Loading configuration file /etc/thermal-engine.conf
Apr 24 17:55:43 sdxlemur user.debug qseecomd: DBG:Adding /data/system/users/ to whitelist paths
Apr 24 17:55:43 sdxlemur user.debug qseecomd: DBG:Adding /data/misc/qsee/ to whitelist paths
Apr 24 17:55:43 sdxlemur user.debug qseecomd: DBG:Adding /vendor/data/ to whitelist paths
Apr 24 17:55:43 sdxlemur user.debug qseecomd: DBG:Adding /data/qwes/licenses/ to whitelist paths
Apr 24 17:55:43 sdxlemur user.debug qseecomd: DBG:Data path: /data/vendor/tzstorage/ and Persist path: /persist/data/
Apr 24 17:55:43 sdxlemur user.debug qseecomd: DBG:QSEECom_register_listener 28672 sb_length = 0x7e000
Apr 24 17:55:43 sdxlemur user.debug qseecomd: DBG:registering gpfs service to QSEECom is done!
Apr 24 17:55:43 sdxlemur user.debug qseecomd: DBG:begin to create a thread!
Apr 24 17:55:43 sdxlemur user.debug qseecomd: DBG:Creating a pthread in gpfs_start is done! return 0
Apr 24 17:55:43 sdxlemur user.debug qseecomd: DBG:Init gpfs_start ret = 0
Apr 24 17:55:43 sdxlemur user.debug qseecomd: DBG:gpfile system services: Started (Listener ID = 28672)
Apr 24 17:55:43 sdxlemur user.debug qseecomd: DBG:QSEECOM DAEMON RUNNING 
Apr 24 17:55:43 sdxlemur user.info thermal-engine: Parsing section global
Apr 24 17:55:43 sdxlemur user.debug qseecomd: DBG:GPDispatch starts! 
Apr 24 17:55:43 sdxlemur user.debug qseecomd: DBG:before calling ioctl to read the next gp cmd
Apr 24 17:55:43 sdxlemur user.err thermal-engine: Failed to setup at least one sensor for monitoring
Apr 24 17:55:43 sdxlemur user.err thermal-engine: open/sys/module/msm_thermal/parameters/enabled failed2
Apr 24 17:55:43 sdxlemur user.debug usbd: Got uevent add@/module/phylink
Apr 24 17:55:44 sdxlemur user.info location_hal_daemon: (nil) loc_open: pid 2169, enter mask 0x0, mExcludedMask: 0x0, current mMask: 0x0, newMask: 0x0,  mQmiMask: 0x0
Apr 24 17:55:44 sdxlemur user.info qcmap: 5592: QCMAP WEB CLIENT entry
Apr 24 17:55:44 sdxlemur user.info qcmap: 5620: Enabled mobile ap and set flag
Apr 24 17:55:45 sdxlemur user.info location_hal_daemon: registerEventMask:  mMask: 0x0 mQmiMask=0x1000000000000 qmiMask=0x1000000000000
Apr 24 17:55:45 sdxlemur user.info location_hal_daemon: 0xa32009f0 loc_open: pid 2169, enter mask 0x40, mExcludedMask: 0x0, current mMask: 0x0, newMask: 0x40,  mQmiMask: 0x1000000000000
Apr 24 17:55:45 sdxlemur user.info location_hal_daemon: registerEventMask:  mMask: 0x40 mQmiMask=0x1000000002000 qmiMask=0x1000000002000
Apr 24 17:55:45 sdxlemur user.info location_hal_daemon: 0xa32009f0 loc_open: pid 2169, enter mask 0x40, mExcludedMask: 0x0, current mMask: 0x40, newMask: 0x40,  mQmiMask: 0x1000000002000
Apr 24 17:55:45 sdxlemur user.info location_hal_daemon: registerEventMask:  mMask: 0x40 mQmiMask=0x1000000002000 qmiMask=0x1000000002000
Apr 24 17:55:45 sdxlemur user.info qcmap: 9669: data_usage_thr TIMEZONE OFFSET(HOUR) 9
Apr 24 17:55:45 sdxlemur user.info qcmap: 9684: IP FAM : 6 : V6
Apr 24 17:55:45 sdxlemur user.info qcmap: 2079: indi_timer_count_thr start.
Apr 24 17:55:45 sdxlemur user.info qcmap: 10297: rx_ev_thr entry
Apr 24 17:55:45 sdxlemur user.info location_hal_daemon: 0xa32009f0 loc_open: pid 2169, enter mask 0x40, mExcludedMask: 0x0, current mMask: 0x40, newMask: 0x40,  mQmiMask: 0x1000000002000
Apr 24 17:55:45 sdxlemur user.info location_hal_daemon: registerEventMask:  mMask: 0x40 mQmiMask=0x1000000002000 qmiMask=0x1000000002000
Apr 24 17:55:45 sdxlemur user.info qcmap: 2096: indi_timer_count_thr waiting indicator signal
Apr 24 17:55:45 sdxlemur user.info location_hal_daemon: 0xa32009f0 loc_open: pid 2169, enter mask 0x68040040, mExcludedMask: 0x0, current mMask: 0x40, newMask: 0x68040040,  mQmiMask: 0x1000000002000
Apr 24 17:55:45 sdxlemur user.info location_hal_daemon: registerEventMask:  mMask: 0x68040040 mQmiMask=0x1000240202040 qmiMask=0x1000240202040
Apr 24 17:55:45 sdxlemur user.info location_hal_daemon: 0xa32009f0 loc_open: pid 2169, enter mask 0x5068040050, mExcludedMask: 0x0, current mMask: 0x68040040, newMask: 0x5068040050,  mQmiMask: 0x1000240202040
Apr 24 17:55:45 sdxlemur user.info location_hal_daemon: registerEventMask:  mMask: 0x5068040050 mQmiMask=0x1000240202048 qmiMask=0x1000240202048
Apr 24 17:55:45 sdxlemur user.info location_hal_daemon: 0xa32009f0 loc_open: pid 2169, enter mask 0x5068040050, mExcludedMask: 0x0, current mMask: 0x5068040050, newMask: 0x5068040050,  mQmiMask: 0x1000240202048
Apr 24 17:55:45 sdxlemur user.info location_hal_daemon: registerEventMask:  mMask: 0x5068040050 mQmiMask=0x1000240202048 qmiMask=0x1000240202048
Apr 24 17:55:45 sdxlemur user.info location_hal_daemon: 0xa32009f0 loc_open: pid 2169, enter mask 0x5068040050, mExcludedMask: 0x0, current mMask: 0x5068040050, newMask: 0x5068040050,  mQmiMask: 0x1000240202048
Apr 24 17:55:45 sdxlemur user.info location_hal_daemon: registerEventMask:  mMask: 0x5068040050 mQmiMask=0x1000240202048 qmiMask=0x1000240202048
Apr 24 17:55:45 sdxlemur user.info qcmap: 10417: popen_w_resp popen md5sum /WEBSERVER/www/cust/KT/index_ko.html | awk '{print $1}'
Apr 24 17:55:45 sdxlemur user.info qcmap: 10436: popen_w_resp resp 4a56963a9f9fdecdd821925db5a71cce
Apr 24 17:55:45 sdxlemur user.info qcmap: 10417: popen_w_resp popen md5sum /WEBSERVER/www/index_ko.html | awk '{print $1}'
Apr 24 17:55:45 sdxlemur user.info qcmap: 10436: popen_w_resp resp 4a56963a9f9fdecdd821925db5a71cce
Apr 24 17:55:45 sdxlemur user.info qcmap: 10462: is_same_file result : 1, 32:4a56963a9f9fdecdd821925db5a71cce 32:4a56963a9f9fdecdd821925db5a71cce 
Apr 24 17:55:45 sdxlemur user.info qcmap: 10646: CARRIER(KT) CONF :
Apr 24 17:55:45 sdxlemur user.info qcmap: 10655: CUSTOMER(WR4) CONF :
Apr 24 17:55:45 sdxlemur user.info qcmap: 10658: customer conf is null
Apr 24 17:55:45 sdxlemur user.info qcmap: 10667: language ko
Apr 24 17:55:45 sdxlemur user.info qcmap: 905: noti_to_modem_language_ext entry. lang ko
Apr 24 17:55:45 sdxlemur user.info qcmap: 917: noti_to_modem_language_ext exit. cmd request_set_lang, buf 
Apr 24 17:55:45 sdxlemur user.info qcmap: 10417: popen_w_resp popen md5sum /WEBSERVER/www/index.html | awk '{print $1}'
Apr 24 17:55:45 sdxlemur user.info qcmap: 10436: popen_w_resp resp 4a56963a9f9fdecdd821925db5a71cce
Apr 24 17:55:45 sdxlemur user.info qcmap: 10417: popen_w_resp popen md5sum /WEBSERVER/www/index_ko.html | awk '{print $1}'
Apr 24 17:55:45 sdxlemur user.info qcmap: 10436: popen_w_resp resp 4a56963a9f9fdecdd821925db5a71cce
Apr 24 17:55:45 sdxlemur user.info qcmap: 10462: is_same_file result : 1, 32:4a56963a9f9fdecdd821925db5a71cce 32:4a56963a9f9fdecdd821925db5a71cce 
Apr 24 17:55:46 sdxlemur user.info qcmap: 9506: read_data_usage_from_file /data/www/usage/data/2026.04
Apr 24 17:55:46 sdxlemur user.info qcmap: 9515: read_data_usage_from_file RX:22440,TX:10873,SMS:0,0
Apr 24 17:55:46 sdxlemur user.info qcmap: 9528: read_data_usage_from_file READ from FILE : RX 22440, TX 10873
Apr 24 17:55:46 sdxlemur user.info qcmap: 9533: read_data_usage_from_file CONVERTED UINT64 RX 000000000022440, TX 000000000010873
Apr 24 17:55:46 sdxlemur user.debug usbd: Got uevent add@/devices/virtual/devlink/15000000.apps-smmu--0000:04:00.0
Apr 24 17:55:46 sdxlemur user.debug usbd: Got uevent add@/devices/virtual/devlink/regulator.35--0000:04:00.0
Apr 24 17:55:46 sdxlemur user.debug usbd: Got uevent add@/devices/platform/1c00000.qcom,pcie/pci0000:00/0000:00:00.0/0000:01:00.0/0000:02:03.0/0000:04:00.0/mdio_bus/tc956xmac-0
Apr 24 17:55:46 sdxlemur user.debug usbd: Got uevent add@/devices/platform/1c00000.qcom,pcie/pci0000:00/0000:00:00.0/0000:01:00.0/0000:02:03.0/0000:04:00.0/mdio_bus/tc956xmac-0/tc956xmac-0:00
Apr 24 17:55:47 sdxlemur user.debug usbd: Got uevent add@/devices/platform/1c00000.qcom,pcie/pci0000:00/0000:00:00.0/0000:01:00.0/0000:02:03.0/0000:04:00.0/mdio_bus/tc956xmac-0/tc956xmac-0:01
Apr 24 17:55:47 sdxlemur user.debug usbd: Got uevent add@/devices/platform/1c00000.qcom,pcie/pci0000:00/0000:00:00.0/0000:01:00.0/0000:02:03.0/0000:04:00.0/mdio_bus/tc956xmac-0/tc956xmac-0:02
Apr 24 17:55:47 sdxlemur user.debug usbd: Got uevent add@/devices/platform/1c00000.qcom,pcie/pci0000:00/0000:00:00.0/0000:01:00.0/0000:02:03.0/0000:04:00.0/mdio_bus/tc956xmac-0/tc956xmac-0:03
Apr 24 17:55:47 sdxlemur user.debug usbd: Got uevent add@/devices/platform/1c00000.qcom,pcie/pci0000:00/0000:00:00.0/0000:01:00.0/0000:02:03.0/0000:04:00.0/mdio_bus/tc956xmac-0/tc956xmac-0:04
Apr 24 17:55:47 sdxlemur user.debug usbd: Got uevent add@/devices/platform/1c00000.qcom,pcie/pci0000:00/0000:00:00.0/0000:01:00.0/0000:02:03.0/0000:04:00.0/mdio_bus/tc956xmac-0/tc956xmac-0:10
Apr 24 17:55:47 sdxlemur user.debug usbd: Got uevent add@/devices/platform/1c00000.qcom,pcie/pci0000:00/0000:00:00.0/0000:01:00.0/0000:02:03.0/0000:04:00.0/mdio_bus/tc956xmac-0/tc956xmac-0:11
Apr 24 17:55:47 sdxlemur user.debug usbd: Got uevent add@/devices/platform/1c00000.qcom,pcie/pci0000:00/0000:00:00.0/0000:01:00.0/0000:02:03.0/0000:04:00.0/mdio_bus/tc956xmac-0/tc956xmac-0:12
Apr 24 17:55:47 sdxlemur user.debug usbd: Got uevent add@/devices/platform/1c00000.qcom,pcie/pci0000:00/0000:00:00.0/0000:01:00.0/0000:02:03.0/0000:04:00.0/mdio_bus/tc956xmac-0/tc956xmac-0:13
Apr 24 17:55:47 sdxlemur user.debug usbd: Got uevent add@/devices/platform/1c00000.qcom,pcie/pci0000:00/0000:00:00.0/0000:01:00.0/0000:02:03.0/0000:04:00.0/mdio_bus/tc956xmac-0/tc956xmac-0:14
Apr 24 17:55:47 sdxlemur user.debug usbd: Got uevent add@/devices/platform/1c00000.qcom,pcie/pci0000:00/0000:00:00.0/0000:01:00.0/0000:02:03.0/0000:04:00.0/mdio_bus/tc956xmac-0/tc956xmac-0:15
Apr 24 17:55:47 sdxlemur user.debug usbd: Got uevent add@/devices/platform/1c00000.qcom,pcie/pci0000:00/0000:00:00.0/0000:01:00.0/0000:02:03.0/0000:04:00.0/mdio_bus/tc956xmac-0/tc956xmac-0:16
Apr 24 17:55:47 sdxlemur user.debug usbd: Got uevent add@/devices/platform/1c00000.qcom,pcie/pci0000:00/0000:00:00.0/0000:01:00.0/0000:02:03.0/0000:04:00.0/mdio_bus/tc956xmac-0/tc956xmac-0:17
Apr 24 17:55:47 sdxlemur user.debug usbd: Got uevent add@/devices/platform/1c00000.qcom,pcie/pci0000:00/0000:00:00.0/0000:01:00.0/0000:02:03.0/0000:04:00.0/mdio_bus/tc956xmac-0/tc956xmac-0:18
Apr 24 17:55:47 sdxlemur user.debug usbd: Got uevent add@/devices/platform/1c00000.qcom,pcie/pci0000:00/0000:00:00.0/0000:01:00.0/0000:02:03.0/0000:04:00.0/net/eth0
Apr 24 17:55:47 sdxlemur user.debug usbd: Got uevent add@/devices/platform/1c00000.qcom,pcie/pci0000:00/0000:00:00.0/0000:01:00.0/0000:02:03.0/0000:04:00.0/net/eth0/queues/tx-0
Apr 24 17:55:47 sdxlemur user.debug usbd: Got uevent add@/devices/platform/1c00000.qcom,pcie/pci0000:00/0000:00:00.0/0000:01:00.0/0000:02:03.0/0000:04:00.0/net/eth0/queues/tx-1
Apr 24 17:55:47 sdxlemur user.debug usbd: Got uevent add@/devices/platform/1c00000.qcom,pcie/pci0000:00/0000:00:00.0/0000:01:00.0/0000:02:03.0/0000:04:00.0/0000:04:00.0-ioss
Apr 24 17:55:47 sdxlemur user.debug usbd: Got uevent bind@/devices/platform/1c00000.qcom,pcie/pci0000:00/0000:00:00.0/0000:01:00.0/0000:02:03.0/0000:04:00.0
Apr 24 17:55:47 sdxlemur user.debug usbd: Got uevent add@/devices/virtual/devlink/15000000.apps-smmu--0000:04:00.1
Apr 24 17:55:47 sdxlemur user.debug usbd: Got uevent add@/bus/pci/drivers/tc956x_pci-eth
Apr 24 17:55:47 sdxlemur user.debug usbd: Got uevent add@/module/qps615
Apr 24 17:55:47 sdxlemur user.debug usbd: Got uevent add@/devices/platform/1c00000.qcom,pcie/pci0000:00/0000:00:00.0/0000:01:00.0/0000:02:03.0/0000:04:00.0/0000:04:00.0-ioss/wakeup/wakeup28
Apr 24 17:55:47 sdxlemur user.debug usbd: Got uevent add@/devices/platform/1c00000.qcom,pcie/pci0000:00/0000:00:00.0/0000:01:00.0/0000:02:03.0/0000:04:00.0/0000:04:00.0-ioss/wakeup/wakeup29
Apr 24 17:55:47 sdxlemur user.debug usbd: Got uevent add@/devices/platform/1c00000.qcom,pcie/pci0000:00/0000:00:00.0/0000:01:00.0/0000:02:03.0/0000:04:00.0/net/eth0/0000:04:00.0-ioss-eth0
Apr 24 17:55:47 sdxlemur user.debug usbd: Got uevent bind@/devices/platform/1c00000.qcom,pcie/pci0000:00/0000:00:00.0/0000:01:00.0/0000:02:03.0/0000:04:00.0/0000:04:00.0-ioss
Apr 24 17:55:47 sdxlemur user.debug usbd: Got uevent add@/bus/ioss/drivers/qps615_ioss
Apr 24 17:55:47 sdxlemur user.debug usbd: Got uevent add@/module/qps615_ioss
Apr 24 17:55:47 sdxlemur user.debug usbd: Got uevent add@/devices/virtual/wakeup/wakeup30
Apr 24 17:55:48 sdxlemur user.debug usbd: Got uevent add@/devices/virtual/net/miireg
Apr 24 17:55:48 sdxlemur user.debug usbd: Got uevent add@/devices/virtual/net/miireg/queues/tx-0
Apr 24 17:55:48 sdxlemur user.debug usbd: Got uevent add@/devices/virtual/misc/switch_ssdk
Apr 24 17:55:51 sdxlemur user.debug usbd: Got uevent add@/module/qca_ssdk
Apr 24 17:55:51 sdxlemur user.debug usbd: Got uevent remove@/devices/virtual/wakeup/wakeup30
Apr 24 17:55:51 sdxlemur user.debug usbd: Got uevent add@/devices/virtual/wakeup/wakeup30
Apr 24 17:58:44 sdxlemur user.debug usbd: Got uevent remove@/devices/virtual/wakeup/wakeup24
Apr 25 10:10:19 sdxlemur user.info qcmap: 9735: data_usage_thr RESET PREV PKT
Apr 25 17:55:19 sdxlemur user.notice tftp_server[228]: INFO:pid=228 tid=228 tftp-server : INF :[tftp_server.c, 658] rcvd request [3] [85] [1] [3] [115]
Apr 25 17:55:19 sdxlemur user.notice tftp_server[228]: INFO:pid=228 tid=27130 tftp-server : INF :[tftp_server_utils.c, 136] file [readwrite/ota_firewall/ruleset] : [/system/rfs/mdm/mpss/readwrite/ota_firewall/ruleset]
Apr 25 17:55:19 sdxlemur user.notice tftp_server[228]: INFO:pid=228 tid=27130 tftp-server : INF :[tftp_server.c, 1201] OACK options [port: 115] : [7680, 5000, 0, 10, 0, 0, 0, 0]
Apr 25 17:55:19 sdxlemur user.notice tftp_server[228]: INFO:pid=228 tid=27130 tftp-server : INF :[tftp_os_la.c, 62] open : [-1] [-1] [384] [0] [/system/rfs/mdm/mpss/readwrite/ota_firewall/ruleset]
Apr 25 17:55:19 sdxlemur user.err tftp_server[228]: ERR:pid=228 tid=27130 tftp-server : ERR :[tftp_os_la.c, 70] open failed: [2] [No such file or directory]
Apr 25 17:55:19 sdxlemur user.err tftp_server[228]: ERR:pid=228 tid=27130 tftp-server : ERR :[tftp_server.c, 1750] open failed : [-2] [Unknown error -2]
Apr 25 17:55:19 sdxlemur user.err tftp_server[228]: ERR:pid=228 tid=27130 tftp-server : ERR :[tftp_protocol.c, 1230] sending error-pkt. Code = 1, Msg = Err=2 String=No such file or directory
Apr 25 17:55:19 sdxlemur user.notice tftp_server[228]: INFO:pid=228 tid=27130 tftp-server : INF :[tftp_server.c, 1817] RRQ Total API = 2769292112
Apr 25 17:55:19 sdxlemur user.notice tftp_server[228]: INFO:pid=228 tid=228 tftp-server : INF :[tftp_server.c, 658] rcvd request [3] [85] [1] [3] [116]
Apr 25 17:55:19 sdxlemur user.notice tftp_server[228]: INFO:pid=228 tid=27131 tftp-server : INF :[tftp_server_utils.c, 136] file [readwrite/ota_firewall/ruleset] : [/system/rfs/mdm/mpss/readwrite/ota_firewall/ruleset]
Apr 25 17:55:19 sdxlemur user.notice tftp_server[228]: INFO:pid=228 tid=27131 tftp-server : INF :[tftp_server.c, 1201] OACK options [port: 116] : [7680, 5000, 0, 10, 0, 0, 0, 0]
Apr 25 17:55:19 sdxlemur user.notice tftp_server[228]: INFO:pid=228 tid=27131 tftp-server : INF :[tftp_os_la.c, 62] open : [-1] [-1] [384] [0] [/system/rfs/mdm/mpss/readwrite/ota_firewall/ruleset]
Apr 25 17:55:19 sdxlemur user.err tftp_server[228]: ERR:pid=228 tid=27131 tftp-server : ERR :[tftp_os_la.c, 70] open failed: [2] [No such file or directory]
Apr 25 17:55:19 sdxlemur user.err tftp_server[228]: ERR:pid=228 tid=27131 tftp-server : ERR :[tftp_server.c, 1750] open failed : [-2] [Unknown error -2]
Apr 25 17:55:19 sdxlemur user.err tftp_server[228]: ERR:pid=228 tid=27131 tftp-server : ERR :[tftp_protocol.c, 1230] sending error-pkt. Code = 1, Msg = Err=2 String=No such file or directory
Apr 25 17:55:19 sdxlemur user.notice tftp_server[228]: INFO:pid=228 tid=27131 tftp-server : INF :[tftp_server.c, 1817] RRQ Total API = 2769292112
Apr 26 17:55:19 sdxlemur user.notice tftp_server[228]: INFO:pid=228 tid=228 tftp-server : INF :[tftp_server.c, 658] rcvd request [3] [85] [1] [3] [117]
Apr 26 17:55:19 sdxlemur user.notice tftp_server[228]: INFO:pid=228 tid=16350 tftp-server : INF :[tftp_server_utils.c, 136] file [readwrite/ota_firewall/ruleset] : [/system/rfs/mdm/mpss/readwrite/ota_firewall/ruleset]
Apr 26 17:55:19 sdxlemur user.notice tftp_server[228]: INFO:pid=228 tid=16350 tftp-server : INF :[tftp_server.c, 1201] OACK options [port: 117] : [7680, 5000, 0, 10, 0, 0, 0, 0]
Apr 26 17:55:19 sdxlemur user.notice tftp_server[228]: INFO:pid=228 tid=16350 tftp-server : INF :[tftp_os_la.c, 62] open : [-1] [-1] [384] [0] [/system/rfs/mdm/mpss/readwrite/ota_firewall/ruleset]
Apr 26 17:55:19 sdxlemur user.err tftp_server[228]: ERR:pid=228 tid=16350 tftp-server : ERR :[tftp_os_la.c, 70] open failed: [2] [No such file or directory]
Apr 26 17:55:19 sdxlemur user.err tftp_server[228]: ERR:pid=228 tid=16350 tftp-server : ERR :[tftp_server.c, 1750] open failed : [-2] [Unknown error -2]
Apr 26 17:55:19 sdxlemur user.err tftp_server[228]: ERR:pid=228 tid=16350 tftp-server : ERR :[tftp_protocol.c, 1230] sending error-pkt. Code = 1, Msg = Err=2 String=No such file or directory
Apr 26 17:55:19 sdxlemur user.notice tftp_server[228]: INFO:pid=228 tid=228 tftp-server : INF :[tftp_server.c, 658] rcvd request [3] [85] [1] [3] [118]
Apr 26 17:55:19 sdxlemur user.notice tftp_server[228]: INFO:pid=228 tid=16350 tftp-server : INF :[tftp_server.c, 1817] RRQ Total API = 2769292112
Apr 26 17:55:19 sdxlemur user.notice tftp_server[228]: INFO:pid=228 tid=16351 tftp-server : INF :[tftp_server_utils.c, 136] file [readwrite/ota_firewall/ruleset] : [/system/rfs/mdm/mpss/readwrite/ota_firewall/ruleset]
Apr 26 17:55:19 sdxlemur user.notice tftp_server[228]: INFO:pid=228 tid=16351 tftp-server : INF :[tftp_server.c, 1201] OACK options [port: 118] : [7680, 5000, 0, 10, 0, 0, 0, 0]
Apr 26 17:55:19 sdxlemur user.notice tftp_server[228]: INFO:pid=228 tid=16351 tftp-server : INF :[tftp_os_la.c, 62] open : [-1] [-1] [384] [0] [/system/rfs/mdm/mpss/readwrite/ota_firewall/ruleset]
Apr 26 17:55:19 sdxlemur user.err tftp_server[228]: ERR:pid=228 tid=16351 tftp-server : ERR :[tftp_os_la.c, 70] open failed: [2] [No such file or directory]
Apr 26 17:55:19 sdxlemur user.err tftp_server[228]: ERR:pid=228 tid=16351 tftp-server : ERR :[tftp_server.c, 1750] open failed : [-2] [Unknown error -2]
Apr 26 17:55:19 sdxlemur user.err tftp_server[228]: ERR:pid=228 tid=16351 tftp-server : ERR :[tftp_protocol.c, 1230] sending error-pkt. Code = 1, Msg = Err=2 String=No such file or directory
Apr 26 17:55:19 sdxlemur user.notice tftp_server[228]: INFO:pid=228 tid=16351 tftp-server : INF :[tftp_server.c, 1817] RRQ Total API = 2769292112
Apr 27 08:22:33 sdxlemur user.debug usbd: Got uevent change@/devices/virtual/gsi_usb/rmnet_ctrl
Apr 27 08:22:33 sdxlemur user.debug usbd: Got uevent change@/devices/virtual/android_usb/android0
Apr 27 08:22:33 sdxlemur user.debug usbd: Got uevent change@/devices/virtual/gsi_usb/dpl_ctrl
Apr 27 08:22:34 sdxlemur user.debug usbd: Got uevent change@/devices/virtual/android_usb/android0
Apr 27 08:22:40 sdxlemur user.debug usbd: Got uevent change@/devices/virtual/gsi_usb/rmnet_ctrl
Apr 27 08:22:40 sdxlemur user.debug usbd: Got uevent change@/devices/virtual/gsi_usb/dpl_ctrl
Apr 27 08:22:40 sdxlemur user.debug usbd: Got uevent change@/devices/virtual/android_usb/android0
Apr 27 08:22:40 sdxlemur user.debug usbd: Got uevent add@/devices/virtual/wakeup/wakeup24
Apr 27 09:27:39 sdxlemur user.notice tftp_server[228]: INFO:pid=228 tid=228 tftp-server : INF :[tftp_server.c, 658] rcvd request [3] [97] [1] [3] [119]
Apr 27 09:27:39 sdxlemur user.notice tftp_server[228]: INFO:pid=228 tid=5556 tftp-server : INF :[tftp_server_utils.c, 136] file [readonly/firmware/image/olympic/qdsp6m.qdb] : [/system/rfs/mdm/mpss/readonly/firmware/im
Apr 27 09:27:39 sdxlemur user.notice tftp_server[228]: INFO:pid=228 tid=5556 tftp-server : INF :[tftp_server.c, 1201] OACK options [port: 119] : [7680, 5000, 6865730, 10, 0, 0, 0, 0]
Apr 27 09:27:39 sdxlemur user.notice tftp_server[228]: INFO:pid=228 tid=5556 tftp-server : INF :[tftp_os_la.c, 62] open : [-1] [-1] [384] [0] [/system/rfs/mdm/mpss/readonly/firmware/image/olympic/qdsp6m.qdb]
Apr 27 09:27:39 sdxlemur user.notice tftp_server[228]: INFO:pid=228 tid=5556 tftp-server : INF :[tftp_protocol.c, 743] Recd END OF TRANSFER pkt. Code = 9, Msg = End of Transfer
Apr 27 09:27:39 sdxlemur user.notice tftp_server[228]: INFO:pid=228 tid=5556 tftp-server : INF :[tftp_server.c, 1321] RRQ stats [port: 0]: sent_size = 119 total-blocks = 0 total-bytes = 0 timedout-pkts = 0, wrong-pkts
Apr 27 09:27:39 sdxlemur user.notice tftp_server[228]: INFO:pid=228 tid=5556 tftp-server : INF :[tftp_server.c, 1330] RRQ file stats [port: 119]: fread [Total, Max, Min] = [119, 0, 0]
Apr 27 09:27:39 sdxlemur user.notice tftp_server[228]: INFO:pid=228 tid=5556 tftp-server : INF :[tftp_server.c, 1337] RRQ time stats : Total : [TX, RX] = [56, 0]
Apr 27 09:27:39 sdxlemur user.notice tftp_server[228]: INFO:pid=228 tid=5556 tftp-server : INF :[tftp_server.c, 1341] RRQ time stats [port: 119]: Tx/Rx [Min, Max] = [0, 56, 0, 56]
Apr 27 09:27:39 sdxlemur user.notice tftp_server[228]: INFO:pid=228 tid=5556 tftp-server : INF :[tftp_server.c, 1362] RRQ was successfully processed.
Apr 27 09:27:39 sdxlemur user.notice tftp_server[228]: INFO:pid=228 tid=5556 tftp-server : INF :[tftp_server.c, 1817] RRQ Total API = 0
Apr 27 09:27:43 sdxlemur user.notice tftp_server[228]: INFO:pid=228 tid=228 tftp-server : INF :[tftp_server.c, 658] rcvd request [3] [97] [1] [3] [120]
Apr 27 09:27:43 sdxlemur user.notice tftp_server[228]: INFO:pid=228 tid=5588 tftp-server : INF :[tftp_server_utils.c, 136] file [readonly/firmware/image/olympic/qdsp6m.qdb] : [/system/rfs/mdm/mpss/readonly/firmware/im
Apr 27 09:27:43 sdxlemur user.notice tftp_server[228]: INFO:pid=228 tid=5588 tftp-server : INF :[tftp_server.c, 1201] OACK options [port: 120] : [7680, 5000, 6865730, 10, 0, 0, 0, 0]
Apr 27 09:27:43 sdxlemur user.notice tftp_server[228]: INFO:pid=228 tid=5588 tftp-server : INF :[tftp_os_la.c, 62] open : [-1] [-1] [384] [0] [/system/rfs/mdm/mpss/readonly/firmware/image/olympic/qdsp6m.qdb]
Apr 27 09:27:43 sdxlemur user.notice tftp_server[228]: INFO:pid=228 tid=5588 tftp-server : INF :[tftp_protocol.c, 743] Recd END OF TRANSFER pkt. Code = 9, Msg = End of Transfer
Apr 27 09:27:43 sdxlemur user.notice tftp_server[228]: INFO:pid=228 tid=5588 tftp-server : INF :[tftp_server.c, 1321] RRQ stats [port: 0]: sent_size = 120 total-blocks = 0 total-bytes = 0 timedout-pkts = 0, wrong-pkts
Apr 27 09:27:43 sdxlemur user.notice tftp_server[228]: INFO:pid=228 tid=5588 tftp-server : INF :[tftp_server.c, 1330] RRQ file stats [port: 120]: fread [Total, Max, Min] = [120, 0, 0]
Apr 27 09:27:43 sdxlemur user.notice tftp_server[228]: INFO:pid=228 tid=5588 tftp-server : INF :[tftp_server.c, 1337] RRQ time stats : Total : [TX, RX] = [90, 0]
Apr 27 09:27:43 sdxlemur user.notice tftp_server[228]: INFO:pid=228 tid=5588 tftp-server : INF :[tftp_server.c, 1341] RRQ time stats [port: 120]: Tx/Rx [Min, Max] = [0, 90, 0, 90]
Apr 27 09:27:43 sdxlemur user.notice tftp_server[228]: INFO:pid=228 tid=5588 tftp-server : INF :[tftp_server.c, 1362] RRQ was successfully processed.
Apr 27 09:27:43 sdxlemur user.notice tftp_server[228]: INFO:pid=228 tid=5588 tftp-server : INF :[tftp_server.c, 1817] RRQ Total API = 0
Apr 27 09:28:00 sdxlemur user.info qcmap: 9735: data_usage_thr RESET PREV PKT
Apr 27 09:28:31 sdxlemur user.info qcmap: 9735: data_usage_thr RESET PREV PKT
Apr 27 09:29:01 sdxlemur user.info qcmap: 9724: data_usage_thr GetWWANStatistics Fail error 3
Apr 27 09:31:31 sdxlemur user.info qcmap: 9724: data_usage_thr GetWWANStatistics Fail error 3
Apr 27 09:32:01 sdxlemur user.info qcmap: 9724: data_usage_thr GetWWANStatistics Fail error 3
Apr 27 09:32:32 sdxlemur user.info qcmap: 9724: data_usage_thr GetWWANStatistics Fail error 3
Apr 27 09:34:02 sdxlemur user.info qcmap: 9724: data_usage_thr GetWWANStatistics Fail error 3
Apr 27 09:34:32 sdxlemur user.info qcmap: 9724: data_usage_thr GetWWANStatistics Fail error 3
Apr 27 09:35:02 sdxlemur user.info qcmap: 9724: data_usage_thr GetWWANStatistics Fail error 3
Apr 27 09:37:32 sdxlemur user.info qcmap: 9724: data_usage_thr GetWWANStatistics Fail error 3
Apr 27 09:38:02 sdxlemur user.info qcmap: 9724: data_usage_thr GetWWANStatistics Fail error 3
Apr 27 09:38:32 sdxlemur user.info qcmap: 9724: data_usage_thr GetWWANStatistics Fail error 3
Apr 27 09:39:32 sdxlemur user.info qcmap: 9724: data_usage_thr GetWWANStatistics Fail error 3
Apr 27 09:40:02 sdxlemur user.info qcmap: 9724: data_usage_thr GetWWANStatistics Fail error 3
Apr 27 09:40:32 sdxlemur user.info qcmap: 9724: data_usage_thr GetWWANStatistics Fail error 3
Apr 27 09:43:02 sdxlemur user.info qcmap: 9724: data_usage_thr GetWWANStatistics Fail error 3
Apr 27 09:43:32 sdxlemur user.info qcmap: 9724: data_usage_thr GetWWANStatistics Fail error 3
Apr 27 09:44:02 sdxlemur user.info qcmap: 9724: data_usage_thr GetWWANStatistics Fail error 3
Apr 27 11:05:19 sdxlemur user.debug usbd: Got uevent change@/devices/platform/a600000.ssusb/a600000.dwc3/udc/a600000.dwc3
Apr 27 11:05:19 sdxlemur user.debug usbd: Got uevent change@/devices/virtual/gsi_usb/rmnet_ctrl
Apr 27 11:05:19 sdxlemur user.debug usbd: Got uevent change@/devices/virtual/gsi_usb/dpl_ctrl
Apr 27 11:05:19 sdxlemur user.debug usbd: Got uevent remove@/devices/virtual/wakeup/wakeup24
Apr 27 11:05:19 sdxlemur user.debug usbd: Got uevent remove@/devices/virtual/wakeup/wakeup23
Apr 27 11:05:19 sdxlemur user.debug usbd: Got uevent remove@/devices/virtual/wakeup/wakeup22
Apr 27 11:05:19 sdxlemur user.debug usbd: Got uevent add@/devices/virtual/wakeup/wakeup22
Apr 27 11:05:19 sdxlemur user.debug usbd: Got uevent add@/devices/virtual/net/rndis0
Apr 27 11:05:19 sdxlemur user.debug usbd: Got uevent add@/devices/virtual/net/rndis0/queues/tx-0
Apr 27 11:05:19 sdxlemur user.debug usbd: Got uevent add@/devices/virtual/wakeup/wakeup23
Apr 27 11:05:19 sdxlemur user.debug usbd: Got uevent change@/devices/platform/a600000.ssusb/a600000.dwc3/udc/a600000.dwc3
Apr 27 11:05:19 sdxlemur user.debug usbd: Got uevent change@/devices/virtual/android_usb/android0
Apr 27 11:05:20 sdxlemur user.debug usbd: Got uevent change@/devices/virtual/android_usb/android0
Apr 27 11:05:20 sdxlemur user.debug usbd: Got uevent change@/devices/virtual/gsi_usb/dpl_ctrl
Apr 27 11:05:20 sdxlemur user.debug usbd: Got uevent change@/devices/virtual/android_usb/android0
Apr 27 11:05:20 sdxlemur user.debug usbd: Got uevent add@/devices/virtual/wakeup/wakeup24
Apr 27 11:07:49 sdxlemur user.debug usbd: Got uevent change@/devices/platform/c440000.qcom,spmi/spmi-0/spmi0-01/c440000.qcom,spmi:qcom,pmx65@1:qcom,pmd-vbus-det@1500/extcon/extcon1
Apr 27 11:07:49 sdxlemur user.debug usbd: Got uevent remove@/devices/virtual/wakeup/wakeup24
Apr 27 11:07:59 sdxlemur user.debug usbd: Got uevent change@/devices/platform/c440000.qcom,spmi/spmi-0/spmi0-01/c440000.qcom,spmi:qcom,pmx65@1:qcom,pmd-vbus-det@1500/extcon/extcon1
Apr 27 11:07:59 sdxlemur user.debug usbd: Got uevent change@/devices/virtual/gsi_usb/dpl_ctrl
Apr 27 11:07:59 sdxlemur user.debug usbd: Got uevent change@/devices/virtual/android_usb/android0
Apr 27 11:07:59 sdxlemur user.debug usbd: Got uevent change@/devices/virtual/android_usb/android0
Apr 27 11:07:59 sdxlemur user.debug usbd: Got uevent change@/devices/virtual/gsi_usb/dpl_ctrl
Apr 27 11:07:59 sdxlemur user.debug usbd: Got uevent change@/devices/virtual/android_usb/android0
Apr 27 11:07:59 sdxlemur user.debug usbd: Got uevent add@/devices/virtual/wakeup/wakeup24
Apr 27 11:08:04 sdxlemur user.debug usbd: Got uevent change@/devices/platform/c440000.qcom,spmi/spmi-0/spmi0-01/c440000.qcom,spmi:qcom,pmx65@1:qcom,pmd-vbus-det@1500/extcon/extcon1
Apr 27 11:08:04 sdxlemur user.debug usbd: Got uevent remove@/devices/virtual/wakeup/wakeup24
Apr 27 11:08:14 sdxlemur user.debug usbd: Got uevent change@/devices/platform/c440000.qcom,spmi/spmi-0/spmi0-01/c440000.qcom,spmi:qcom,pmx65@1:qcom,pmd-vbus-det@1500/extcon/extcon1
Apr 27 11:08:14 sdxlemur user.debug usbd: Got uevent change@/devices/virtual/gsi_usb/dpl_ctrl
Apr 27 11:08:14 sdxlemur user.debug usbd: Got uevent change@/devices/virtual/android_usb/android0
Apr 27 11:08:14 sdxlemur user.debug usbd: Got uevent change@/devices/virtual/gsi_usb/dpl_ctrl
Apr 27 11:08:15 sdxlemur user.debug usbd: Got uevent add@/devices/virtual/wakeup/wakeup24
Apr 27 11:09:37 sdxlemur user.debug usbd: Got uevent remove@/devices/virtual/wakeup/wakeup24
Apr 27 11:09:37 sdxlemur user.debug usbd: Got uevent change@/devices/virtual/gsi_usb/dpl_ctrl
Apr 27 11:09:37 sdxlemur user.debug usbd: Got uevent change@/devices/virtual/android_usb/android0
Apr 27 11:09:37 sdxlemur user.debug usbd: Got uevent change@/devices/virtual/android_usb/android0
Apr 27 11:09:37 sdxlemur user.debug usbd: Got uevent change@/devices/virtual/android_usb/android0
Apr 27 11:09:37 sdxlemur user.debug usbd: Got uevent change@/devices/virtual/gsi_usb/dpl_ctrl
Apr 27 11:09:37 sdxlemur user.debug usbd: Got uevent change@/devices/platform/c440000.qcom,spmi/spmi-0/spmi0-01/c440000.qcom,spmi:qcom,pmx65@1:qcom,pmd-vbus-det@1500/extcon/extcon1
Apr 27 11:09:49 sdxlemur user.debug usbd: Got uevent change@/devices/platform/c440000.qcom,spmi/spmi-0/spmi0-01/c440000.qcom,spmi:qcom,pmx65@1:qcom,pmd-vbus-det@1500/extcon/extcon1
Apr 27 11:09:49 sdxlemur user.debug usbd: Got uevent change@/devices/virtual/gsi_usb/dpl_ctrl
Apr 27 11:09:49 sdxlemur user.debug usbd: Got uevent change@/devices/virtual/android_usb/android0
Apr 27 11:09:49 sdxlemur user.debug usbd: Got uevent change@/devices/virtual/android_usb/android0
Apr 27 11:09:49 sdxlemur user.debug usbd: Got uevent change@/devices/virtual/android_usb/android0
Apr 27 11:09:49 sdxlemur user.debug usbd: Got uevent change@/devices/virtual/gsi_usb/dpl_ctrl
Apr 27 11:09:50 sdxlemur user.debug usbd: Got uevent add@/devices/virtual/wakeup/wakeup24
Apr 27 17:02:38 sdxlemur user.debug usbd: Got uevent change@/devices/platform/a600000.ssusb/a600000.dwc3/udc/a600000.dwc3
Apr 27 17:02:38 sdxlemur user.debug usbd: Got uevent change@/devices/virtual/gsi_usb/dpl_ctrl
Apr 27 17:02:38 sdxlemur user.debug usbd: Got uevent remove@/devices/virtual/wakeup/wakeup24
Apr 27 17:02:38 sdxlemur user.debug usbd: Got uevent remove@/devices/virtual/wakeup/wakeup23
Apr 27 17:02:38 sdxlemur user.debug usbd: Got uevent remove@/devices/virtual/net/rndis0/queues/tx-0
Apr 27 17:02:38 sdxlemur user.debug usbd: Got uevent remove@/devices/virtual/net/rndis0
Apr 27 17:02:38 sdxlemur user.debug usbd: Got uevent remove@/devices/virtual/wakeup/wakeup22
Apr 27 17:02:38 sdxlemur user.debug usbd: Got uevent add@/devices/virtual/wakeup/wakeup22
Apr 27 17:02:38 sdxlemur user.debug usbd: Got uevent add@/devices/virtual/net/rndis0
Apr 27 17:02:38 sdxlemur user.debug usbd: Got uevent add@/devices/virtual/net/rndis0/queues/tx-0
Apr 27 17:02:39 sdxlemur user.debug usbd: Got uevent change@/devices/platform/a600000.ssusb/a600000.dwc3/udc/a600000.dwc3
Apr 27 17:02:39 sdxlemur user.debug usbd: Got uevent change@/devices/virtual/android_usb/android0
Apr 27 17:02:39 sdxlemur user.debug usbd: Got uevent change@/devices/virtual/android_usb/android0
Apr 27 17:02:39 sdxlemur user.debug usbd: Got uevent change@/devices/virtual/android_usb/android0
Apr 27 17:02:39 sdxlemur user.debug usbd: Got uevent add@/devices/virtual/wakeup/wakeup23
Apr 27 17:15:36 sdxlemur user.debug usbd: Got uevent change@/devices/platform/a600000.ssusb/a600000.dwc3/udc/a600000.dwc3
Apr 27 17:15:36 sdxlemur user.debug usbd: Got uevent remove@/devices/virtual/wakeup/wakeup23
Apr 27 17:15:37 sdxlemur user.debug usbd: Got uevent remove@/devices/virtual/net/rndis0/queues/tx-0
Apr 27 17:15:37 sdxlemur user.debug usbd: Got uevent remove@/devices/virtual/net/rndis0
Apr 27 17:15:37 sdxlemur user.debug usbd: Got uevent remove@/devices/virtual/wakeup/wakeup22
Apr 27 17:15:37 sdxlemur user.debug usbd: Got uevent add@/devices/virtual/wakeup/wakeup22
Apr 27 17:15:37 sdxlemur user.debug usbd: Got uevent add@/devices/virtual/net/rndis0
Apr 27 17:15:37 sdxlemur user.debug usbd: Got uevent add@/devices/virtual/net/rndis0/queues/tx-0
Apr 27 17:15:37 sdxlemur user.debug usbd: Got uevent add@/devices/virtual/wakeup/wakeup23
Apr 27 17:15:37 sdxlemur user.debug usbd: Got uevent change@/devices/platform/a600000.ssusb/a600000.dwc3/udc/a600000.dwc3
Apr 27 17:15:37 sdxlemur user.debug usbd: Got uevent change@/devices/virtual/android_usb/android0
Apr 27 17:15:37 sdxlemur user.debug usbd: Got uevent change@/devices/virtual/android_usb/android0
Apr 27 17:15:37 sdxlemur user.debug usbd: Got uevent change@/devices/virtual/android_usb/android0
Apr 27 17:15:37 sdxlemur user.debug usbd: Got uevent change@/devices/virtual/gsi_usb/dpl_ctrl
Apr 27 17:15:38 sdxlemur user.debug usbd: Got uevent add@/devices/virtual/wakeup/wakeup24
Apr 27 17:55:19 sdxlemur user.notice tftp_server[228]: INFO:pid=228 tid=228 tftp-server : INF :[tftp_server.c, 658] rcvd request [3] [85] [1] [3] [121]
Apr 27 17:55:19 sdxlemur user.notice tftp_server[228]: INFO:pid=228 tid=11158 tftp-server : INF :[tftp_server_utils.c, 136] file [readwrite/ota_firewall/ruleset] : [/system/rfs/mdm/mpss/readwrite/ota_firewall/ruleset]
Apr 27 17:55:19 sdxlemur user.notice tftp_server[228]: INFO:pid=228 tid=11158 tftp-server : INF :[tftp_server.c, 1201] OACK options [port: 121] : [7680, 5000, 0, 10, 0, 0, 0, 0]
Apr 27 17:55:19 sdxlemur user.notice tftp_server[228]: INFO:pid=228 tid=11158 tftp-server : INF :[tftp_os_la.c, 62] open : [-1] [-1] [384] [0] [/system/rfs/mdm/mpss/readwrite/ota_firewall/ruleset]
Apr 27 17:55:19 sdxlemur user.err tftp_server[228]: ERR:pid=228 tid=11158 tftp-server : ERR :[tftp_os_la.c, 70] open failed: [2] [No such file or directory]
Apr 27 17:55:19 sdxlemur user.err tftp_server[228]: ERR:pid=228 tid=11158 tftp-server : ERR :[tftp_server.c, 1750] open failed : [-2] [Unknown error -2]
Apr 27 17:55:19 sdxlemur user.notice tftp_server[228]: INFO:pid=228 tid=228 tftp-server : INF :[tftp_server.c, 658] rcvd request [3] [85] [1] [3] [122]
Apr 27 17:55:19 sdxlemur user.err tftp_server[228]: ERR:pid=228 tid=11158 tftp-server : ERR :[tftp_protocol.c, 1230] sending error-pkt. Code = 1, Msg = Err=2 String=No such file or directory
Apr 27 17:55:19 sdxlemur user.notice tftp_server[228]: INFO:pid=228 tid=11158 tftp-server : INF :[tftp_server.c, 1817] RRQ Total API = 2769292112
Apr 27 17:55:19 sdxlemur user.notice tftp_server[228]: INFO:pid=228 tid=11159 tftp-server : INF :[tftp_server_utils.c, 136] file [readwrite/ota_firewall/ruleset] : [/system/rfs/mdm/mpss/readwrite/ota_firewall/ruleset]
Apr 27 17:55:19 sdxlemur user.notice tftp_server[228]: INFO:pid=228 tid=11159 tftp-server : INF :[tftp_server.c, 1201] OACK options [port: 122] : [7680, 5000, 0, 10, 0, 0, 0, 0]
Apr 27 17:55:19 sdxlemur user.notice tftp_server[228]: INFO:pid=228 tid=11159 tftp-server : INF :[tftp_os_la.c, 62] open : [-1] [-1] [384] [0] [/system/rfs/mdm/mpss/readwrite/ota_firewall/ruleset]
Apr 27 17:55:19 sdxlemur user.err tftp_server[228]: ERR:pid=228 tid=11159 tftp-server : ERR :[tftp_os_la.c, 70] open failed: [2] [No such file or directory]
Apr 27 17:55:19 sdxlemur user.err tftp_server[228]: ERR:pid=228 tid=11159 tftp-server : ERR :[tftp_server.c, 1750] open failed : [-2] [Unknown error -2]
Apr 27 17:55:19 sdxlemur user.err tftp_server[228]: ERR:pid=228 tid=11159 tftp-server : ERR :[tftp_protocol.c, 1230] sending error-pkt. Code = 1, Msg = Err=2 String=No such file or directory
Apr 27 17:55:19 sdxlemur user.notice tftp_server[228]: INFO:pid=228 tid=11159 tftp-server : INF :[tftp_server.c, 1817] RRQ Total API = 2769292112
